<?xml version="1.0" encoding="UTF-8"?>
<testng-results ignored="0" total="1" passed="1" failed="0" skipped="0">
  <reporter-output>
  </reporter-output>
  <suite started-at="2021-03-19T15:07:26 MDT" name="Default suite" finished-at="2021-03-19T15:07:39 MDT" duration-ms="13576">
    <groups>
    </groups>
    <test started-at="2021-03-19T15:07:26 MDT" name="Default test" finished-at="2021-03-19T15:07:39 MDT" duration-ms="13576">
      <class name="test.LoginTest">
        <test-method signature="validUserShouldAbleToLogin()[pri:0, instance:test.LoginTest@421bba99]" started-at="2021-03-19T15:07:26 MDT" name="validUserShouldAbleToLogin" finished-at="2021-03-19T15:07:39 MDT" duration-ms="13545" status="PASS">
          <reporter-output>
          </reporter-output>
        </test-method> <!-- validUserShouldAbleToLogin -->
      </class> <!-- test.LoginTest -->
    </test> <!-- Default test -->
  </suite> <!-- Default suite -->
</testng-results>
